<?xml version="1.0" encoding="UTF-8"?>
<!-- Generated by org.testng.reporters.JUnitReportReporter -->
<testsuite hostname="DAMAN" failures="0" tests="1" name="AssigmentWeek16.ValidatePurchaseOfItem" time="8.682" errors="0" timestamp="22 Dec. 2022 03:33:14 GMT" skipped="0">
  <testcase classname="AssigmentWeek16.ValidatePurchaseOfItem" name="validatePurchaseOfItem" time="8.682"/>
</testsuite> <!-- AssigmentWeek16.ValidatePurchaseOfItem -->
