<?xml version="1.0" encoding="UTF-8"?>
<!-- Generated by org.testng.reporters.JUnitReportReporter -->
<testsuite hostname="DAMAN" failures="0" tests="1" name="com.Daman.SeleniumAssignment.PlaceOrder" time="47.349" errors="0" timestamp="15 Dec. 2022 03:27:29 GMT" skipped="0">
  <testcase classname="com.Daman.SeleniumAssignment.PlaceOrder" name="verifyOrderPlaced" time="47.349"/>
</testsuite> <!-- com.Daman.SeleniumAssignment.PlaceOrder -->
