<?xml version="1.0" encoding="UTF-8"?>
<!-- Generated by org.testng.reporters.JUnitReportReporter -->
<testsuite hostname="DAMAN" failures="0" tests="1" name="com.Daman.SeleniumAssignment.PlaceOrder" time="43.275" errors="0" timestamp="16 Dec. 2022 02:29:36 GMT" skipped="0">
  <testcase classname="com.Daman.SeleniumAssignment.PlaceOrder" name="verifyOrderPlaced" time="43.275"/>
</testsuite> <!-- com.Daman.SeleniumAssignment.PlaceOrder -->
