<?xml version="1.0" encoding="UTF-8"?>
<!-- Generated by org.testng.reporters.JUnitReportReporter -->
<testsuite hostname="DAMAN" failures="0" tests="1" name="AssigmentWeek16.Tabs" time="9.491" errors="0" timestamp="22 Dec. 2022 03:28:58 GMT" skipped="0">
  <testcase classname="AssigmentWeek16.Tabs" name="verifyTabsTitle" time="9.491"/>
</testsuite> <!-- AssigmentWeek16.Tabs -->
